<?xml version="1.0" encoding="UTF-8"?>
<!-- Generated by org.testng.reporters.JUnitReportReporter -->
<testsuite hostname="Farberovs-Air.lan" failures="0" tests="4" name="test.ShoppingCartPageTest" time="0.618" errors="0" timestamp="2022-10-27T02:00:14 EDT" skipped="0">
  <testcase classname="test.ShoppingCartPageTest" name="tc25_title" time="0.185"/>
  <system-out>
    <![CDATA[Title text is YOUR CART
Title is displayed true]]>
  </system-out>
  <testcase classname="test.ShoppingCartPageTest" name="tc27_menuBtn" time="0.083"/>
  <system-out>
    <![CDATA[Menu button is displayed true]]>
  </system-out>
  <testcase classname="test.ShoppingCartPageTest" name="tc28_checkoutButton" time="0.282"/>
  <system-out>
    <![CDATA[Checkout button color is rgba(255, 255, 255, 1)
Checkout button size is  (220, 32)
Checkout button text is CHECKOUT
Checkout button is displayed  true]]>
  </system-out>
  <testcase classname="test.ShoppingCartPageTest" name="tc26_appLogo" time="0.068"/>
  <system-out>
    <![CDATA[Logo is displayed true
Logo color is rgba(72, 76, 85, 1)]]>
  </system-out>
</testsuite> <!-- test.ShoppingCartPageTest -->
