<?xml version="1.0" encoding="UTF-8"?>
<!-- Generated by org.testng.reporters.JUnitReportReporter -->
<testsuite hostname="Farberovs-Air.lan" failures="0" tests="1" name="test.CheckoutOverviewPageTest" time="0.210" errors="0" timestamp="2022-10-26T00:21:34 EDT" skipped="0">
  <testcase classname="test.CheckoutOverviewPageTest" name="finishBtn" time="0.210"/>
  <system-out/>
</testsuite> <!-- test.CheckoutOverviewPageTest -->
