<?xml version="1.0" encoding="UTF-8"?>
<!-- Generated by org.testng.reporters.JUnitReportReporter -->
<testsuite hostname="Farberovs-Air.lan" failures="0" tests="8" name="test.HomePageTest" time="1.325" errors="0" timestamp="2022-10-27T02:00:14 EDT" skipped="0">
  <testcase classname="test.HomePageTest" name="tc6_InvalidUsernameInvalidPassword" time="0.537"/>
  <system-out/>
  <testcase classname="test.HomePageTest" name="tc4_loginLogo" time="0.067"/>
  <system-out>
    <![CDATA[Login logo size = (1440, 60)
Login logo color is = rgba(72, 76, 85, 1)
Login logo location is = (0, 30)
Font is = Roboto, Arial, Helvetica, sans-serif
Font size is = 14px]]>
  </system-out>
  <testcase classname="test.HomePageTest" name="tc8_submit" time="0.164"/>
  <system-out>
    <![CDATA[Log in button is submitted]]>
  </system-out>
  <testcase classname="test.HomePageTest" name="tc2_urlVerification" time="0.018"/>
  <system-out>
    <![CDATA[https://www.saucedemo.com/]]>
  </system-out>
  <testcase classname="test.HomePageTest" name="tc7_ValidUsernameValidPassword" time="0.263"/>
  <system-out/>
  <testcase classname="test.HomePageTest" name="tc3_loginButton" time="0.124"/>
  <system-out>
    <![CDATA[Login button size is = (346, 45)
Login button color is = rgba(255, 255, 255, 1)
Font is = Roboto, Arial, Helvetica, sans-serif
Font size is = 18px
Login logo location is = (360, 323)]]>
  </system-out>
  <testcase classname="test.HomePageTest" name="tc1_titleValidation" time="0.022"/>
  <system-out>
    <![CDATA[Actual title = Swag Labs
Expected title = Swag Labs]]>
  </system-out>
  <testcase classname="test.HomePageTest" name="tc5_usernamePasswordTextBoxInfo" time="0.130"/>
  <system-out>
    <![CDATA[username size = (346, 43)
username color is = rgba(72, 76, 85, 1)
username location is = (360, 167)
username font is = Roboto, Arial, Helvetica, sans-serif
username font size is = 18px
Password size = (346, 43)
password color is = rgba(72, 76, 85, 1)
password location is = (360, 225)
password font is = Roboto, Arial, Helvetica, sans-serif
password font size is = 18px]]>
  </system-out>
</testsuite> <!-- test.HomePageTest -->
