<?xml version="1.0" encoding="UTF-8"?>
<!-- Generated by org.testng.reporters.JUnitReportReporter -->
<testsuite hostname="Farberovs-Air.lan" failures="0" tests="4" name="test.CheckoutPageTest" time="1.190" errors="0" timestamp="2022-10-26T00:21:34 EDT" skipped="0">
  <testcase classname="test.CheckoutPageTest" name="menuBtn" time="0.090"/>
  <system-out>
    <![CDATA[Menu button is displayed true]]>
  </system-out>
  <testcase classname="test.CheckoutPageTest" name="checkoutForm" time="0.136"/>
  <system-out>
    <![CDATA[First name is displayed true
Last name is displayed true
ZipCode is displayed true]]>
  </system-out>
  <testcase classname="test.CheckoutPageTest" name="validInformation" time="0.799"/>
  <system-out/>
  <testcase classname="test.CheckoutPageTest" name="appLogo" time="0.165"/>
  <system-out>
    <![CDATA[Logo is displayed true
Logo color is rgba(72, 76, 85, 1)]]>
  </system-out>
</testsuite> <!-- test.CheckoutPageTest -->
