<?xml version="1.0" encoding="UTF-8"?>
<!-- Generated by org.testng.reporters.JUnitReportReporter -->
<testsuite hostname="Farberovs-Air.lan" failures="0" tests="7" name="test.InventoryPageTest" time="0.737" errors="0" timestamp="2022-10-26T00:21:34 EDT" skipped="0">
  <testcase classname="test.InventoryPageTest" name="z_sauceLabsBackpack" time="0.134"/>
  <system-out/>
  <testcase classname="test.InventoryPageTest" name="closeMenu" time="0.061"/>
  <system-out/>
  <testcase classname="test.InventoryPageTest" name="resetApp" time="0.046"/>
  <system-out>
    <![CDATA[Reset app state text is displayed]]>
  </system-out>
  <testcase classname="test.InventoryPageTest" name="logout" time="0.043"/>
  <system-out>
    <![CDATA[Logout text is displayed]]>
  </system-out>
  <testcase classname="test.InventoryPageTest" name="a_openMenu" time="0.327"/>
  <system-out/>
  <testcase classname="test.InventoryPageTest" name="allItems" time="0.046"/>
  <system-out>
    <![CDATA[All items text is displayed]]>
  </system-out>
  <testcase classname="test.InventoryPageTest" name="about" time="0.080"/>
  <system-out>
    <![CDATA[About text is displayed]]>
  </system-out>
</testsuite> <!-- test.InventoryPageTest -->
