<?xml version="1.0" encoding="UTF-8"?>
<!-- Generated by org.testng.reporters.JUnitReportReporter -->
<testsuite hostname="Farberovs-Air.lan" failures="0" tests="1" name="test.CheckoutOverviewPageTest" time="0.191" errors="0" timestamp="2022-10-27T01:52:39 EDT" skipped="0">
  <testcase classname="test.CheckoutOverviewPageTest" name="tc33_finishBtn" time="0.191"/>
  <system-out/>
</testsuite> <!-- test.CheckoutOverviewPageTest -->
