<?xml version="1.0" encoding="UTF-8"?>
<!-- Generated by org.testng.reporters.JUnitReportReporter -->
<testsuite hostname="Farberovs-Air.lan" failures="0" tests="4" name="test.CheckoutPageTest" time="1.058" errors="0" timestamp="2022-10-27T01:52:39 EDT" skipped="0">
  <testcase classname="test.CheckoutPageTest" name="tc30_menuBtn" time="0.059"/>
  <system-out>
    <![CDATA[Menu button is displayed true]]>
  </system-out>
  <testcase classname="test.CheckoutPageTest" name="tc29_appLogo" time="0.146"/>
  <system-out>
    <![CDATA[Logo is displayed true
Logo color is rgba(72, 76, 85, 1)]]>
  </system-out>
  <testcase classname="test.CheckoutPageTest" name="tc32_validInformation" time="0.633"/>
  <system-out/>
  <testcase classname="test.CheckoutPageTest" name="tc31_checkoutForm" time="0.220"/>
  <system-out>
    <![CDATA[First name is displayed true
Last name is displayed true
ZipCode is displayed true]]>
  </system-out>
</testsuite> <!-- test.CheckoutPageTest -->
