<?xml version="1.0" encoding="UTF-8"?>
<!-- Generated by org.testng.reporters.JUnitReportReporter -->
<testsuite hostname="Farberovs-Air.lan" failures="0" tests="9" name="test.SauceLabsBackpackPageTest" time="1.438" errors="0" timestamp="2022-10-26T00:21:34 EDT" skipped="0">
  <testcase classname="test.SauceLabsBackpackPageTest" name="z_twitter" time="0.382"/>
  <system-out>
    <![CDATA[Twitter button is displayed true]]>
  </system-out>
  <testcase classname="test.SauceLabsBackpackPageTest" name="z_facebook" time="0.134"/>
  <system-out>
    <![CDATA[Facebook button is displayed true]]>
  </system-out>
  <testcase classname="test.SauceLabsBackpackPageTest" name="remove" time="0.144"/>
  <system-out>
    <![CDATA[Remove is displayed true
Remove button text is REMOVE
Remove button was clicked
Add to Cart button was clicked]]>
  </system-out>
  <testcase classname="test.SauceLabsBackpackPageTest" name="z_linkedIn" time="0.395"/>
  <system-out>
    <![CDATA[LinkedIn button is displayed true]]>
  </system-out>
  <testcase classname="test.SauceLabsBackpackPageTest" name="z_clickCartLink" time="0.098"/>
  <system-out>
    <![CDATA[Shopping cart link was clicked]]>
  </system-out>
  <testcase classname="test.SauceLabsBackpackPageTest" name="verifyText" time="0.038"/>
  <system-out>
    <![CDATA[Expected text = Sauce Labs Backpack
Actual text = Sauce Labs Backpack]]>
  </system-out>
  <testcase classname="test.SauceLabsBackpackPageTest" name="addToCart" time="0.148"/>
  <system-out>
    <![CDATA[Add to cart is displayed true
Add to cart text is ADD TO CART
Add to cart button was clicked
Items in cart after one click = 1]]>
  </system-out>
  <testcase classname="test.SauceLabsBackpackPageTest" name="verifyDescription" time="0.042"/>
  <system-out>
    <![CDATA[Expected description = carry.allTheThings() with the sleek, streamlined Sly Pack that melds uncompromising style with unequaled laptop and tablet protection.
Actual description = carry.allTheThings() with the sleek, streamlined Sly Pack that melds uncompromising style with unequaled laptop and tablet protection.]]>
  </system-out>
  <testcase classname="test.SauceLabsBackpackPageTest" name="itemPrice" time="0.057"/>
  <system-out>
    <![CDATA[Item's price is displayed true
Item's price is $29.99]]>
  </system-out>
</testsuite> <!-- test.SauceLabsBackpackPageTest -->
