<?xml version="1.0" encoding="UTF-8"?>
<!-- Generated by org.testng.reporters.JUnitReportReporter -->
<testsuite hostname="Farberovs-Air.lan" failures="0" tests="7" name="test.InventoryPageTest" time="0.612" errors="0" timestamp="2022-10-27T02:00:14 EDT" skipped="0">
  <testcase classname="test.InventoryPageTest" name="tc12_logout" time="0.034"/>
  <system-out>
    <![CDATA[Logout text is displayed]]>
  </system-out>
  <testcase classname="test.InventoryPageTest" name="tc13_resetApp" time="0.035"/>
  <system-out>
    <![CDATA[Reset app state text is displayed]]>
  </system-out>
  <testcase classname="test.InventoryPageTest" name="a_tc9openMenu" time="0.275"/>
  <system-out/>
  <testcase classname="test.InventoryPageTest" name="tc15_sauceLabsBackpack" time="0.071"/>
  <system-out/>
  <testcase classname="test.InventoryPageTest" name="tc11_about" time="0.048"/>
  <system-out>
    <![CDATA[About text is displayed]]>
  </system-out>
  <testcase classname="test.InventoryPageTest" name="tc14_closeMenu" time="0.057"/>
  <system-out/>
  <testcase classname="test.InventoryPageTest" name="tc10_allItems" time="0.092"/>
  <system-out>
    <![CDATA[All items text is displayed]]>
  </system-out>
</testsuite> <!-- test.InventoryPageTest -->
