<?xml version="1.0" encoding="UTF-8"?>
<!-- Generated by org.testng.reporters.JUnitReportReporter -->
<testsuite hostname="Farberovs-Air.lan" failures="0" tests="9" name="test.SauceLabsBackpackPageTest" time="1.092" errors="0" timestamp="2022-10-27T02:00:14 EDT" skipped="0">
  <testcase classname="test.SauceLabsBackpackPageTest" name="tc19_addToCart" time="0.110"/>
  <system-out>
    <![CDATA[Add to cart is displayed true
Add to cart text is ADD TO CART
Add to cart button was clicked
Items in cart after one click = 1]]>
  </system-out>
  <testcase classname="test.SauceLabsBackpackPageTest" name="tc21_linkedIn" time="0.158"/>
  <system-out>
    <![CDATA[LinkedIn button is displayed true]]>
  </system-out>
  <testcase classname="test.SauceLabsBackpackPageTest" name="tc17_verifyDescription" time="0.040"/>
  <system-out>
    <![CDATA[Expected description = carry.allTheThings() with the sleek, streamlined Sly Pack that melds uncompromising style with unequaled laptop and tablet protection.
Actual description = carry.allTheThings() with the sleek, streamlined Sly Pack that melds uncompromising style with unequaled laptop and tablet protection.]]>
  </system-out>
  <testcase classname="test.SauceLabsBackpackPageTest" name="tc18_itemPrice" time="0.053"/>
  <system-out>
    <![CDATA[Item's price is displayed true
Item's price is $29.99]]>
  </system-out>
  <testcase classname="test.SauceLabsBackpackPageTest" name="tc22_facebook" time="0.202"/>
  <system-out>
    <![CDATA[Facebook button is displayed true]]>
  </system-out>
  <testcase classname="test.SauceLabsBackpackPageTest" name="tc16_verifyText" time="0.035"/>
  <system-out>
    <![CDATA[Expected text = Sauce Labs Backpack
Actual text = Sauce Labs Backpack]]>
  </system-out>
  <testcase classname="test.SauceLabsBackpackPageTest" name="tc23_twitter" time="0.232"/>
  <system-out>
    <![CDATA[Twitter button is displayed true]]>
  </system-out>
  <testcase classname="test.SauceLabsBackpackPageTest" name="tc20_remove" time="0.127"/>
  <system-out>
    <![CDATA[Remove is displayed true
Remove button text is REMOVE
Remove button was clicked
Add to Cart button was clicked]]>
  </system-out>
  <testcase classname="test.SauceLabsBackpackPageTest" name="tc24_clickCartLink" time="0.135"/>
  <system-out>
    <![CDATA[Shopping cart link was clicked]]>
  </system-out>
</testsuite> <!-- test.SauceLabsBackpackPageTest -->
