<?xml version="1.0" encoding="UTF-8"?>
<!-- Generated by org.testng.reporters.JUnitReportReporter -->
<testsuite hostname="Farberovs-Air.lan" failures="0" tests="7" name="test.HomePageTest" time="0.971" errors="0" timestamp="2022-10-26T00:21:34 EDT" skipped="0">
  <testcase classname="test.HomePageTest" name="submit" time="0.218"/>
  <system-out>
    <![CDATA[Log in button is submitted]]>
  </system-out>
  <testcase classname="test.HomePageTest" name="a_titleValidation" time="0.021"/>
  <system-out>
    <![CDATA[Actual title = Swag Labs
Expected title = Swag Labs]]>
  </system-out>
  <testcase classname="test.HomePageTest" name="a_urlVerification" time="0.015"/>
  <system-out>
    <![CDATA[https://www.saucedemo.com/]]>
  </system-out>
  <testcase classname="test.HomePageTest" name="a_loginButton" time="0.151"/>
  <system-out>
    <![CDATA[Login button size is = (346, 45)
Login button color is = rgba(255, 255, 255, 1)
Font is = Roboto, Arial, Helvetica, sans-serif
Font size is = 18px
Login logo location is = (360, 323)]]>
  </system-out>
  <testcase classname="test.HomePageTest" name="a_loginLogo" time="0.133"/>
  <system-out>
    <![CDATA[Login logo size = (1440, 60)
Login logo color is = rgba(72, 76, 85, 1)
Login logo location is = (0, 30)
Font is = Roboto, Arial, Helvetica, sans-serif
Font size is = 14px]]>
  </system-out>
  <testcase classname="test.HomePageTest" name="enterUsername" time="0.196"/>
  <system-out>
    <![CDATA[username size = (346, 43)
username color is = rgba(72, 76, 85, 1)
username location is = (360, 167)
username font is = Roboto, Arial, Helvetica, sans-serif
username font size is = 18px]]>
  </system-out>
  <testcase classname="test.HomePageTest" name="enterPassword" time="0.237"/>
  <system-out>
    <![CDATA[Password size = (346, 43)
password color is = rgba(72, 76, 85, 1)
password location is = (360, 225)
password font is = Roboto, Arial, Helvetica, sans-serif
password font size is = 18px]]>
  </system-out>
</testsuite> <!-- test.HomePageTest -->
